[debug] [2020-02-01T00:13:47.120Z] ----------------------------------------------------------------------
[debug] [2020-02-01T00:13:47.128Z] Command:       C:\Program Files\nodejs\node.exe C:\Users\utkarsh\AppData\Roaming\npm\node_modules\firebase-tools\lib\bin\firebase.js serve
[debug] [2020-02-01T00:13:47.128Z] CLI Version:   7.12.1
[debug] [2020-02-01T00:13:47.128Z] Platform:      win32
[debug] [2020-02-01T00:13:47.128Z] Node Version:  v10.16.3
[debug] [2020-02-01T00:13:47.128Z] Time:          Sat Feb 01 2020 05:43:47 GMT+0530 (India Standard Time)
[debug] [2020-02-01T00:13:47.128Z] ----------------------------------------------------------------------
[debug] [2020-02-01T00:13:47.132Z] 
[debug] [2020-02-01T00:13:47.152Z] > command requires scopes: ["email","openid","https://www.googleapis.com/auth/cloudplatformprojects.readonly","https://www.googleapis.com/auth/firebase","https://www.googleapis.com/auth/cloud-platform"]
[debug] [2020-02-01T00:13:47.152Z] > authorizing via signed-in user
[debug] [2020-02-01T00:13:47.152Z] [iam] checking project wildcon123 for permissions ["firebase.projects.get"]
[debug] [2020-02-01T00:13:47.160Z] >>> HTTP REQUEST POST https://cloudresourcemanager.googleapis.com/v1/projects/wildcon123:testIamPermissions  

[debug] [2020-02-01T00:13:49.030Z] <<< HTTP RESPONSE 200
[debug] [2020-02-01T00:13:49.038Z] >>> HTTP REQUEST GET https://firebase.googleapis.com/v1beta1/projects/wildcon123  
 
[debug] [2020-02-01T00:13:49.538Z] <<< HTTP RESPONSE 200
[info] 
[info] === Serving from 'C:\Users\utkarsh\a'...
[info] 
[debug] [2020-02-01T00:13:49.554Z] >>> HTTP REQUEST GET https://firebase.googleapis.com/v1beta1/projects/wildcon123/webApps/-/config  
 
[debug] [2020-02-01T00:13:50.475Z] <<< HTTP RESPONSE 200
[info] i  hosting: Serving hosting files from: public
[info] +  hosting: Local server: http://localhost:5000
